<?xml version="1.0" encoding="UTF-8"?>
<testng-results skipped="0" failed="0" ignored="0" total="0" passed="0">
  <reporter-output>
  </reporter-output>
  <suite name="com.practice.seleniumdesign.test.BaseTest" duration-ms="11" started-at="2020-07-15T03:30:51Z" finished-at="2020-07-15T03:30:51Z">
    <groups>
    </groups>
    <test name="Command line test" duration-ms="11" started-at="2020-07-15T03:30:51Z" finished-at="2020-07-15T03:30:51Z">
      <class name="com.practice.seleniumdesign.test.BaseTest">
        <test-method status="PASS" signature="setUpDriver()[pri:0, instance:com.practice.seleniumdesign.test.BaseTest@5ebec15]" name="setUpDriver" is-config="true" duration-ms="8" started-at="2020-07-15T03:30:51Z" finished-at="2020-07-15T03:30:51Z">
          <reporter-output>
          </reporter-output>
        </test-method> <!-- setUpDriver -->
      </class> <!-- com.practice.seleniumdesign.test.BaseTest -->
    </test> <!-- Command line test -->
  </suite> <!-- com.practice.seleniumdesign.test.BaseTest -->
</testng-results>
